[2024-10-15 18:46:16] laravel.EMERGENCY: Unable to create configured logger. Using emergency logger. {"exception":"[object] (Error(code: 0): Class \"Illuminate\\Support\\Collection\" not found at /home/ron/Desktop/source/vendor/laravel/framework/src/Illuminate/Support/helpers.php:110)
[stacktrace]
#0 /home/ron/Desktop/source/vendor/laravel/framework/src/Illuminate/Log/LogManager.php(240): collect()
#1 /home/ron/Desktop/source/vendor/laravel/framework/src/Illuminate/Log/LogManager.php(202): Illuminate\\Log\\LogManager->createStackDriver()
#2 /home/ron/Desktop/source/vendor/laravel/framework/src/Illuminate/Log/LogManager.php(118): Illuminate\\Log\\LogManager->resolve()
#3 /home/ron/Desktop/source/vendor/laravel/framework/src/Illuminate/Log/LogManager.php(98): Illuminate\\Log\\LogManager->get()
#4 /home/ron/Desktop/source/vendor/laravel/framework/src/Illuminate/Log/LogManager.php(547): Illuminate\\Log\\LogManager->driver()
#5 /home/ron/Desktop/source/vendor/laravel/framework/src/Illuminate/Foundation/Exceptions/Handler.php(117): Illuminate\\Log\\LogManager->error()
#6 /home/ron/Desktop/source/app/Exceptions/Handler.php(39): Illuminate\\Foundation\\Exceptions\\Handler->report()
#7 /home/ron/Desktop/source/vendor/laravel/framework/src/Illuminate/Foundation/Bootstrap/HandleExceptions.php(88): App\\Exceptions\\Handler->report()
#8 /home/ron/Desktop/source/vendor/laravel/framework/src/Illuminate/Foundation/Bootstrap/HandleExceptions.php(130): Illuminate\\Foundation\\Bootstrap\\HandleExceptions->handleException()
#9 [internal function]: Illuminate\\Foundation\\Bootstrap\\HandleExceptions->handleShutdown()
#10 {main}
"} 
[2024-10-15 18:46:16] laravel.ERROR: During inheritance of ArrayAccess: Uncaught ErrorException: Return type of Illuminate\Support\Collection::offsetExists($key) should either be compatible with ArrayAccess::offsetExists(mixed $offset): bool, or the #[\ReturnTypeWillChange] attribute should be used to temporarily suppress the notice in /home/ron/Desktop/source/vendor/laravel/framework/src/Illuminate/Support/Collection.php:1338
Stack trace:
#0 /home/ron/Desktop/source/vendor/laravel/framework/src/Illuminate/Support/Collection.php(11): Illuminate\Foundation\Bootstrap\HandleExceptions->handleError()
#1 /home/ron/Desktop/source/vendor/composer/ClassLoader.php(444): include('...')
#2 /home/ron/Desktop/source/vendor/composer/ClassLoader.php(322): Composer\Autoload\includeFile()
#3 /home/ron/Desktop/source/vendor/laravel/framework/src/Illuminate/Support/helpers.php(110): Composer\Autoload\ClassLoader->loadClass()
#4 /home/ron/Desktop/source/vendor/laravel/framework/src/Illuminate/Foundation/PackageManifest.php(89): collect()
#5 /home/ron/Desktop/source/vendor/laravel/framework/src/Illuminate/Foundation/PackageManifest.php(78): Illuminate\Foundation\PackageManifest->config()
#6 /home/ron/Desktop/source/vendor/laravel/framework/src/Illuminate/Foundation/Bootstrap/RegisterFacades.php(26): Illuminate\Foundation\PackageManifest->aliases()
#7 /home/ron/Desktop/source/vendor/laravel/framework/src/Illuminate/Foundation/Application.php(230): Illuminate\Foundation\Bootstrap\RegisterFacades->bootstrap()
#8 /home/ron/Desktop/source/vendor/laravel/framework/src/Illuminate/Foundation/Console/Kernel.php(310): Illuminate\Foundation\Application->bootstrapWith()
#9 /home/ron/Desktop/source/vendor/laravel/framework/src/Illuminate/Foundation/Console/Kernel.php(127): Illuminate\Foundation\Console\Kernel->bootstrap()
#10 /home/ron/Desktop/source/artisan(33): Illuminate\Foundation\Console\Kernel->handle()
#11 {main} {"exception":"[object] (Symfony\\Component\\ErrorHandler\\Error\\FatalError(code: 0): During inheritance of ArrayAccess: Uncaught ErrorException: Return type of Illuminate\\Support\\Collection::offsetExists($key) should either be compatible with ArrayAccess::offsetExists(mixed $offset): bool, or the #[\\ReturnTypeWillChange] attribute should be used to temporarily suppress the notice in /home/ron/Desktop/source/vendor/laravel/framework/src/Illuminate/Support/Collection.php:1338
Stack trace:
#0 /home/ron/Desktop/source/vendor/laravel/framework/src/Illuminate/Support/Collection.php(11): Illuminate\\Foundation\\Bootstrap\\HandleExceptions->handleError()
#1 /home/ron/Desktop/source/vendor/composer/ClassLoader.php(444): include('...')
#2 /home/ron/Desktop/source/vendor/composer/ClassLoader.php(322): Composer\\Autoload\\includeFile()
#3 /home/ron/Desktop/source/vendor/laravel/framework/src/Illuminate/Support/helpers.php(110): Composer\\Autoload\\ClassLoader->loadClass()
#4 /home/ron/Desktop/source/vendor/laravel/framework/src/Illuminate/Foundation/PackageManifest.php(89): collect()
#5 /home/ron/Desktop/source/vendor/laravel/framework/src/Illuminate/Foundation/PackageManifest.php(78): Illuminate\\Foundation\\PackageManifest->config()
#6 /home/ron/Desktop/source/vendor/laravel/framework/src/Illuminate/Foundation/Bootstrap/RegisterFacades.php(26): Illuminate\\Foundation\\PackageManifest->aliases()
#7 /home/ron/Desktop/source/vendor/laravel/framework/src/Illuminate/Foundation/Application.php(230): Illuminate\\Foundation\\Bootstrap\\RegisterFacades->bootstrap()
#8 /home/ron/Desktop/source/vendor/laravel/framework/src/Illuminate/Foundation/Console/Kernel.php(310): Illuminate\\Foundation\\Application->bootstrapWith()
#9 /home/ron/Desktop/source/vendor/laravel/framework/src/Illuminate/Foundation/Console/Kernel.php(127): Illuminate\\Foundation\\Console\\Kernel->bootstrap()
#10 /home/ron/Desktop/source/artisan(33): Illuminate\\Foundation\\Console\\Kernel->handle()
#11 {main} at /home/ron/Desktop/source/vendor/laravel/framework/src/Illuminate/Support/Collection.php:11)
[stacktrace]
#0 {main}
"} 
[2024-10-15 18:46:55] laravel.EMERGENCY: Unable to create configured logger. Using emergency logger. {"exception":"[object] (Error(code: 0): Class \"Illuminate\\Support\\Collection\" not found at /home/ron/Desktop/source/vendor/laravel/framework/src/Illuminate/Support/helpers.php:110)
[stacktrace]
#0 /home/ron/Desktop/source/vendor/laravel/framework/src/Illuminate/Log/LogManager.php(240): collect()
#1 /home/ron/Desktop/source/vendor/laravel/framework/src/Illuminate/Log/LogManager.php(202): Illuminate\\Log\\LogManager->createStackDriver()
#2 /home/ron/Desktop/source/vendor/laravel/framework/src/Illuminate/Log/LogManager.php(118): Illuminate\\Log\\LogManager->resolve()
#3 /home/ron/Desktop/source/vendor/laravel/framework/src/Illuminate/Log/LogManager.php(98): Illuminate\\Log\\LogManager->get()
#4 /home/ron/Desktop/source/vendor/laravel/framework/src/Illuminate/Log/LogManager.php(547): Illuminate\\Log\\LogManager->driver()
#5 /home/ron/Desktop/source/vendor/laravel/framework/src/Illuminate/Foundation/Exceptions/Handler.php(117): Illuminate\\Log\\LogManager->error()
#6 /home/ron/Desktop/source/app/Exceptions/Handler.php(39): Illuminate\\Foundation\\Exceptions\\Handler->report()
#7 /home/ron/Desktop/source/vendor/laravel/framework/src/Illuminate/Foundation/Bootstrap/HandleExceptions.php(88): App\\Exceptions\\Handler->report()
#8 /home/ron/Desktop/source/vendor/laravel/framework/src/Illuminate/Foundation/Bootstrap/HandleExceptions.php(130): Illuminate\\Foundation\\Bootstrap\\HandleExceptions->handleException()
#9 [internal function]: Illuminate\\Foundation\\Bootstrap\\HandleExceptions->handleShutdown()
#10 {main}
"} 
[2024-10-15 18:46:55] laravel.ERROR: During inheritance of ArrayAccess: Uncaught ErrorException: Return type of Illuminate\Support\Collection::offsetExists($key) should either be compatible with ArrayAccess::offsetExists(mixed $offset): bool, or the #[\ReturnTypeWillChange] attribute should be used to temporarily suppress the notice in /home/ron/Desktop/source/vendor/laravel/framework/src/Illuminate/Support/Collection.php:1338
Stack trace:
#0 /home/ron/Desktop/source/vendor/laravel/framework/src/Illuminate/Support/Collection.php(11): Illuminate\Foundation\Bootstrap\HandleExceptions->handleError()
#1 /home/ron/Desktop/source/vendor/composer/ClassLoader.php(444): include('...')
#2 /home/ron/Desktop/source/vendor/composer/ClassLoader.php(322): Composer\Autoload\includeFile()
#3 /home/ron/Desktop/source/vendor/laravel/framework/src/Illuminate/Support/helpers.php(110): Composer\Autoload\ClassLoader->loadClass()
#4 /home/ron/Desktop/source/vendor/laravel/framework/src/Illuminate/Foundation/PackageManifest.php(89): collect()
#5 /home/ron/Desktop/source/vendor/laravel/framework/src/Illuminate/Foundation/PackageManifest.php(78): Illuminate\Foundation\PackageManifest->config()
#6 /home/ron/Desktop/source/vendor/laravel/framework/src/Illuminate/Foundation/Bootstrap/RegisterFacades.php(26): Illuminate\Foundation\PackageManifest->aliases()
#7 /home/ron/Desktop/source/vendor/laravel/framework/src/Illuminate/Foundation/Application.php(230): Illuminate\Foundation\Bootstrap\RegisterFacades->bootstrap()
#8 /home/ron/Desktop/source/vendor/laravel/framework/src/Illuminate/Foundation/Console/Kernel.php(310): Illuminate\Foundation\Application->bootstrapWith()
#9 /home/ron/Desktop/source/vendor/laravel/framework/src/Illuminate/Foundation/Console/Kernel.php(127): Illuminate\Foundation\Console\Kernel->bootstrap()
#10 /home/ron/Desktop/source/artisan(33): Illuminate\Foundation\Console\Kernel->handle()
#11 {main} {"exception":"[object] (Symfony\\Component\\ErrorHandler\\Error\\FatalError(code: 0): During inheritance of ArrayAccess: Uncaught ErrorException: Return type of Illuminate\\Support\\Collection::offsetExists($key) should either be compatible with ArrayAccess::offsetExists(mixed $offset): bool, or the #[\\ReturnTypeWillChange] attribute should be used to temporarily suppress the notice in /home/ron/Desktop/source/vendor/laravel/framework/src/Illuminate/Support/Collection.php:1338
Stack trace:
#0 /home/ron/Desktop/source/vendor/laravel/framework/src/Illuminate/Support/Collection.php(11): Illuminate\\Foundation\\Bootstrap\\HandleExceptions->handleError()
#1 /home/ron/Desktop/source/vendor/composer/ClassLoader.php(444): include('...')
#2 /home/ron/Desktop/source/vendor/composer/ClassLoader.php(322): Composer\\Autoload\\includeFile()
#3 /home/ron/Desktop/source/vendor/laravel/framework/src/Illuminate/Support/helpers.php(110): Composer\\Autoload\\ClassLoader->loadClass()
#4 /home/ron/Desktop/source/vendor/laravel/framework/src/Illuminate/Foundation/PackageManifest.php(89): collect()
#5 /home/ron/Desktop/source/vendor/laravel/framework/src/Illuminate/Foundation/PackageManifest.php(78): Illuminate\\Foundation\\PackageManifest->config()
#6 /home/ron/Desktop/source/vendor/laravel/framework/src/Illuminate/Foundation/Bootstrap/RegisterFacades.php(26): Illuminate\\Foundation\\PackageManifest->aliases()
#7 /home/ron/Desktop/source/vendor/laravel/framework/src/Illuminate/Foundation/Application.php(230): Illuminate\\Foundation\\Bootstrap\\RegisterFacades->bootstrap()
#8 /home/ron/Desktop/source/vendor/laravel/framework/src/Illuminate/Foundation/Console/Kernel.php(310): Illuminate\\Foundation\\Application->bootstrapWith()
#9 /home/ron/Desktop/source/vendor/laravel/framework/src/Illuminate/Foundation/Console/Kernel.php(127): Illuminate\\Foundation\\Console\\Kernel->bootstrap()
#10 /home/ron/Desktop/source/artisan(33): Illuminate\\Foundation\\Console\\Kernel->handle()
#11 {main} at /home/ron/Desktop/source/vendor/laravel/framework/src/Illuminate/Support/Collection.php:11)
[stacktrace]
#0 {main}
"} 
[2024-10-31 21:59:53] laravel.EMERGENCY: Unable to create configured logger. Using emergency logger. {"exception":"[object] (Error(code: 0): Class \"Illuminate\\Support\\Collection\" not found at /home/ron/Desktop/source/vendor/laravel/framework/src/Illuminate/Support/helpers.php:110)
[stacktrace]
#0 /home/ron/Desktop/source/vendor/laravel/framework/src/Illuminate/Log/LogManager.php(240): collect()
#1 /home/ron/Desktop/source/vendor/laravel/framework/src/Illuminate/Log/LogManager.php(202): Illuminate\\Log\\LogManager->createStackDriver()
#2 /home/ron/Desktop/source/vendor/laravel/framework/src/Illuminate/Log/LogManager.php(118): Illuminate\\Log\\LogManager->resolve()
#3 /home/ron/Desktop/source/vendor/laravel/framework/src/Illuminate/Log/LogManager.php(98): Illuminate\\Log\\LogManager->get()
#4 /home/ron/Desktop/source/vendor/laravel/framework/src/Illuminate/Log/LogManager.php(547): Illuminate\\Log\\LogManager->driver()
#5 /home/ron/Desktop/source/vendor/laravel/framework/src/Illuminate/Foundation/Exceptions/Handler.php(117): Illuminate\\Log\\LogManager->error()
#6 /home/ron/Desktop/source/app/Exceptions/Handler.php(39): Illuminate\\Foundation\\Exceptions\\Handler->report()
#7 /home/ron/Desktop/source/vendor/laravel/framework/src/Illuminate/Foundation/Bootstrap/HandleExceptions.php(88): App\\Exceptions\\Handler->report()
#8 /home/ron/Desktop/source/vendor/laravel/framework/src/Illuminate/Foundation/Bootstrap/HandleExceptions.php(130): Illuminate\\Foundation\\Bootstrap\\HandleExceptions->handleException()
#9 [internal function]: Illuminate\\Foundation\\Bootstrap\\HandleExceptions->handleShutdown()
#10 {main}
"} 
[2024-10-31 21:59:53] laravel.ERROR: During inheritance of ArrayAccess: Uncaught ErrorException: Return type of Illuminate\Support\Collection::offsetExists($key) should either be compatible with ArrayAccess::offsetExists(mixed $offset): bool, or the #[\ReturnTypeWillChange] attribute should be used to temporarily suppress the notice in /home/ron/Desktop/source/vendor/laravel/framework/src/Illuminate/Support/Collection.php:1338
Stack trace:
#0 /home/ron/Desktop/source/vendor/laravel/framework/src/Illuminate/Support/Collection.php(11): Illuminate\Foundation\Bootstrap\HandleExceptions->handleError()
#1 /home/ron/Desktop/source/vendor/composer/ClassLoader.php(444): include('...')
#2 /home/ron/Desktop/source/vendor/composer/ClassLoader.php(322): Composer\Autoload\includeFile()
#3 /home/ron/Desktop/source/vendor/laravel/framework/src/Illuminate/Support/helpers.php(110): Composer\Autoload\ClassLoader->loadClass()
#4 /home/ron/Desktop/source/vendor/laravel/framework/src/Illuminate/Foundation/PackageManifest.php(89): collect()
#5 /home/ron/Desktop/source/vendor/laravel/framework/src/Illuminate/Foundation/PackageManifest.php(78): Illuminate\Foundation\PackageManifest->config()
#6 /home/ron/Desktop/source/vendor/laravel/framework/src/Illuminate/Foundation/Bootstrap/RegisterFacades.php(26): Illuminate\Foundation\PackageManifest->aliases()
#7 /home/ron/Desktop/source/vendor/laravel/framework/src/Illuminate/Foundation/Application.php(230): Illuminate\Foundation\Bootstrap\RegisterFacades->bootstrap()
#8 /home/ron/Desktop/source/vendor/laravel/framework/src/Illuminate/Foundation/Console/Kernel.php(310): Illuminate\Foundation\Application->bootstrapWith()
#9 /home/ron/Desktop/source/vendor/laravel/framework/src/Illuminate/Foundation/Console/Kernel.php(127): Illuminate\Foundation\Console\Kernel->bootstrap()
#10 /home/ron/Desktop/source/artisan(33): Illuminate\Foundation\Console\Kernel->handle()
#11 {main} {"exception":"[object] (Symfony\\Component\\ErrorHandler\\Error\\FatalError(code: 0): During inheritance of ArrayAccess: Uncaught ErrorException: Return type of Illuminate\\Support\\Collection::offsetExists($key) should either be compatible with ArrayAccess::offsetExists(mixed $offset): bool, or the #[\\ReturnTypeWillChange] attribute should be used to temporarily suppress the notice in /home/ron/Desktop/source/vendor/laravel/framework/src/Illuminate/Support/Collection.php:1338
Stack trace:
#0 /home/ron/Desktop/source/vendor/laravel/framework/src/Illuminate/Support/Collection.php(11): Illuminate\\Foundation\\Bootstrap\\HandleExceptions->handleError()
#1 /home/ron/Desktop/source/vendor/composer/ClassLoader.php(444): include('...')
#2 /home/ron/Desktop/source/vendor/composer/ClassLoader.php(322): Composer\\Autoload\\includeFile()
#3 /home/ron/Desktop/source/vendor/laravel/framework/src/Illuminate/Support/helpers.php(110): Composer\\Autoload\\ClassLoader->loadClass()
#4 /home/ron/Desktop/source/vendor/laravel/framework/src/Illuminate/Foundation/PackageManifest.php(89): collect()
#5 /home/ron/Desktop/source/vendor/laravel/framework/src/Illuminate/Foundation/PackageManifest.php(78): Illuminate\\Foundation\\PackageManifest->config()
#6 /home/ron/Desktop/source/vendor/laravel/framework/src/Illuminate/Foundation/Bootstrap/RegisterFacades.php(26): Illuminate\\Foundation\\PackageManifest->aliases()
#7 /home/ron/Desktop/source/vendor/laravel/framework/src/Illuminate/Foundation/Application.php(230): Illuminate\\Foundation\\Bootstrap\\RegisterFacades->bootstrap()
#8 /home/ron/Desktop/source/vendor/laravel/framework/src/Illuminate/Foundation/Console/Kernel.php(310): Illuminate\\Foundation\\Application->bootstrapWith()
#9 /home/ron/Desktop/source/vendor/laravel/framework/src/Illuminate/Foundation/Console/Kernel.php(127): Illuminate\\Foundation\\Console\\Kernel->bootstrap()
#10 /home/ron/Desktop/source/artisan(33): Illuminate\\Foundation\\Console\\Kernel->handle()
#11 {main} at /home/ron/Desktop/source/vendor/laravel/framework/src/Illuminate/Support/Collection.php:11)
[stacktrace]
#0 {main}
"} 
[2024-10-31 22:01:29] laravel.EMERGENCY: Unable to create configured logger. Using emergency logger. {"exception":"[object] (Error(code: 0): Class \"Illuminate\\Support\\Collection\" not found at /home/ron/Desktop/source/vendor/laravel/framework/src/Illuminate/Support/helpers.php:110)
[stacktrace]
#0 /home/ron/Desktop/source/vendor/laravel/framework/src/Illuminate/Log/LogManager.php(240): collect()
#1 /home/ron/Desktop/source/vendor/laravel/framework/src/Illuminate/Log/LogManager.php(202): Illuminate\\Log\\LogManager->createStackDriver()
#2 /home/ron/Desktop/source/vendor/laravel/framework/src/Illuminate/Log/LogManager.php(118): Illuminate\\Log\\LogManager->resolve()
#3 /home/ron/Desktop/source/vendor/laravel/framework/src/Illuminate/Log/LogManager.php(98): Illuminate\\Log\\LogManager->get()
#4 /home/ron/Desktop/source/vendor/laravel/framework/src/Illuminate/Log/LogManager.php(547): Illuminate\\Log\\LogManager->driver()
#5 /home/ron/Desktop/source/vendor/laravel/framework/src/Illuminate/Foundation/Exceptions/Handler.php(117): Illuminate\\Log\\LogManager->error()
#6 /home/ron/Desktop/source/app/Exceptions/Handler.php(39): Illuminate\\Foundation\\Exceptions\\Handler->report()
#7 /home/ron/Desktop/source/vendor/laravel/framework/src/Illuminate/Foundation/Bootstrap/HandleExceptions.php(88): App\\Exceptions\\Handler->report()
#8 /home/ron/Desktop/source/vendor/laravel/framework/src/Illuminate/Foundation/Bootstrap/HandleExceptions.php(130): Illuminate\\Foundation\\Bootstrap\\HandleExceptions->handleException()
#9 [internal function]: Illuminate\\Foundation\\Bootstrap\\HandleExceptions->handleShutdown()
#10 {main}
"} 
[2024-10-31 22:01:29] laravel.ERROR: During inheritance of ArrayAccess: Uncaught ErrorException: Return type of Illuminate\Support\Collection::offsetExists($key) should either be compatible with ArrayAccess::offsetExists(mixed $offset): bool, or the #[\ReturnTypeWillChange] attribute should be used to temporarily suppress the notice in /home/ron/Desktop/source/vendor/laravel/framework/src/Illuminate/Support/Collection.php:1338
Stack trace:
#0 /home/ron/Desktop/source/vendor/laravel/framework/src/Illuminate/Support/Collection.php(11): Illuminate\Foundation\Bootstrap\HandleExceptions->handleError()
#1 /home/ron/Desktop/source/vendor/composer/ClassLoader.php(444): include('...')
#2 /home/ron/Desktop/source/vendor/composer/ClassLoader.php(322): Composer\Autoload\includeFile()
#3 /home/ron/Desktop/source/vendor/laravel/framework/src/Illuminate/Support/helpers.php(110): Composer\Autoload\ClassLoader->loadClass()
#4 /home/ron/Desktop/source/vendor/laravel/framework/src/Illuminate/Foundation/PackageManifest.php(89): collect()
#5 /home/ron/Desktop/source/vendor/laravel/framework/src/Illuminate/Foundation/PackageManifest.php(78): Illuminate\Foundation\PackageManifest->config()
#6 /home/ron/Desktop/source/vendor/laravel/framework/src/Illuminate/Foundation/Bootstrap/RegisterFacades.php(26): Illuminate\Foundation\PackageManifest->aliases()
#7 /home/ron/Desktop/source/vendor/laravel/framework/src/Illuminate/Foundation/Application.php(230): Illuminate\Foundation\Bootstrap\RegisterFacades->bootstrap()
#8 /home/ron/Desktop/source/vendor/laravel/framework/src/Illuminate/Foundation/Console/Kernel.php(310): Illuminate\Foundation\Application->bootstrapWith()
#9 /home/ron/Desktop/source/vendor/laravel/framework/src/Illuminate/Foundation/Console/Kernel.php(127): Illuminate\Foundation\Console\Kernel->bootstrap()
#10 /home/ron/Desktop/source/artisan(33): Illuminate\Foundation\Console\Kernel->handle()
#11 {main} {"exception":"[object] (Symfony\\Component\\ErrorHandler\\Error\\FatalError(code: 0): During inheritance of ArrayAccess: Uncaught ErrorException: Return type of Illuminate\\Support\\Collection::offsetExists($key) should either be compatible with ArrayAccess::offsetExists(mixed $offset): bool, or the #[\\ReturnTypeWillChange] attribute should be used to temporarily suppress the notice in /home/ron/Desktop/source/vendor/laravel/framework/src/Illuminate/Support/Collection.php:1338
Stack trace:
#0 /home/ron/Desktop/source/vendor/laravel/framework/src/Illuminate/Support/Collection.php(11): Illuminate\\Foundation\\Bootstrap\\HandleExceptions->handleError()
#1 /home/ron/Desktop/source/vendor/composer/ClassLoader.php(444): include('...')
#2 /home/ron/Desktop/source/vendor/composer/ClassLoader.php(322): Composer\\Autoload\\includeFile()
#3 /home/ron/Desktop/source/vendor/laravel/framework/src/Illuminate/Support/helpers.php(110): Composer\\Autoload\\ClassLoader->loadClass()
#4 /home/ron/Desktop/source/vendor/laravel/framework/src/Illuminate/Foundation/PackageManifest.php(89): collect()
#5 /home/ron/Desktop/source/vendor/laravel/framework/src/Illuminate/Foundation/PackageManifest.php(78): Illuminate\\Foundation\\PackageManifest->config()
#6 /home/ron/Desktop/source/vendor/laravel/framework/src/Illuminate/Foundation/Bootstrap/RegisterFacades.php(26): Illuminate\\Foundation\\PackageManifest->aliases()
#7 /home/ron/Desktop/source/vendor/laravel/framework/src/Illuminate/Foundation/Application.php(230): Illuminate\\Foundation\\Bootstrap\\RegisterFacades->bootstrap()
#8 /home/ron/Desktop/source/vendor/laravel/framework/src/Illuminate/Foundation/Console/Kernel.php(310): Illuminate\\Foundation\\Application->bootstrapWith()
#9 /home/ron/Desktop/source/vendor/laravel/framework/src/Illuminate/Foundation/Console/Kernel.php(127): Illuminate\\Foundation\\Console\\Kernel->bootstrap()
#10 /home/ron/Desktop/source/artisan(33): Illuminate\\Foundation\\Console\\Kernel->handle()
#11 {main} at /home/ron/Desktop/source/vendor/laravel/framework/src/Illuminate/Support/Collection.php:11)
[stacktrace]
#0 {main}
"} 
